# nnet3-xvector-compute --use-gpu=no --min-chunk-size=25 --chunk-size=10000 --cache-capacity=64 "nnet3-copy --nnet-config=/data/xfding/pretrained_model/xvector_nnet_1a/extract.config /data/xfding/pretrained_model/xvector_nnet_1a/final.raw - |" "ark:apply-cmvn-sliding --norm-vars=false --center=true --cmn-window=300 scp:decode/tts/data2/split1/1/feats.scp ark:- | select-voiced-frames ark:- scp,s,cs:decode/tts/data2/split1/1/vad.scp ark:- |" ark,scp:decode/tts/xvectors/xvector.1.ark,decode/tts/xvectors/xvector.1.scp 
# Started at Wed Apr 29 12:32:06 CST 2020
#
nnet3-xvector-compute --use-gpu=no --min-chunk-size=25 --chunk-size=10000 --cache-capacity=64 'nnet3-copy --nnet-config=/data/xfding/pretrained_model/xvector_nnet_1a/extract.config /data/xfding/pretrained_model/xvector_nnet_1a/final.raw - |' 'ark:apply-cmvn-sliding --norm-vars=false --center=true --cmn-window=300 scp:decode/tts/data2/split1/1/feats.scp ark:- | select-voiced-frames ark:- scp,s,cs:decode/tts/data2/split1/1/vad.scp ark:- |' ark,scp:decode/tts/xvectors/xvector.1.ark,decode/tts/xvectors/xvector.1.scp 
LOG (nnet3-xvector-compute[5.5.603~1-4bbac]:SelectGpuId():cu-device.cc:153) Manually selected to compute on CPU.
nnet3-copy --nnet-config=/data/xfding/pretrained_model/xvector_nnet_1a/extract.config /data/xfding/pretrained_model/xvector_nnet_1a/final.raw - 
WARNING (nnet3-copy[5.5.603~1-4bbac]:Check():nnet-nnet.cc:789) Node tdnn6.relu is never used to compute any output.
WARNING (nnet3-copy[5.5.603~1-4bbac]:Check():nnet-nnet.cc:789) Node tdnn6.batchnorm is never used to compute any output.
WARNING (nnet3-copy[5.5.603~1-4bbac]:Check():nnet-nnet.cc:789) Node tdnn7.affine is never used to compute any output.
WARNING (nnet3-copy[5.5.603~1-4bbac]:Check():nnet-nnet.cc:789) Node tdnn7.relu is never used to compute any output.
WARNING (nnet3-copy[5.5.603~1-4bbac]:Check():nnet-nnet.cc:789) Node tdnn7.batchnorm is never used to compute any output.
WARNING (nnet3-copy[5.5.603~1-4bbac]:Check():nnet-nnet.cc:789) Node output.affine is never used to compute any output.
WARNING (nnet3-copy[5.5.603~1-4bbac]:Check():nnet-nnet.cc:789) Node output.log-softmax is never used to compute any output.
LOG (nnet3-copy[5.5.603~1-4bbac]:main():nnet3-copy.cc:114) Copied raw neural net from /data/xfding/pretrained_model/xvector_nnet_1a/final.raw to -
WARNING (nnet3-xvector-compute[5.5.603~1-4bbac]:Check():nnet-nnet.cc:789) Node tdnn6.relu is never used to compute any output.
WARNING (nnet3-xvector-compute[5.5.603~1-4bbac]:Check():nnet-nnet.cc:789) Node tdnn6.batchnorm is never used to compute any output.
WARNING (nnet3-xvector-compute[5.5.603~1-4bbac]:Check():nnet-nnet.cc:789) Node tdnn7.affine is never used to compute any output.
WARNING (nnet3-xvector-compute[5.5.603~1-4bbac]:Check():nnet-nnet.cc:789) Node tdnn7.relu is never used to compute any output.
WARNING (nnet3-xvector-compute[5.5.603~1-4bbac]:Check():nnet-nnet.cc:789) Node tdnn7.batchnorm is never used to compute any output.
WARNING (nnet3-xvector-compute[5.5.603~1-4bbac]:Check():nnet-nnet.cc:789) Node output.affine is never used to compute any output.
WARNING (nnet3-xvector-compute[5.5.603~1-4bbac]:Check():nnet-nnet.cc:789) Node output.log-softmax is never used to compute any output.
LOG (nnet3-xvector-compute[5.5.603~1-4bbac]:RemoveOrphanNodes():nnet-nnet.cc:948) Removed 7 orphan nodes.
LOG (nnet3-xvector-compute[5.5.603~1-4bbac]:RemoveOrphanComponents():nnet-nnet.cc:847) Removing 7 orphan components.
LOG (nnet3-xvector-compute[5.5.603~1-4bbac]:Collapse():nnet-utils.cc:1472) Added 0 components, removed 7
apply-cmvn-sliding --norm-vars=false --center=true --cmn-window=300 scp:decode/tts/data2/split1/1/feats.scp ark:- 
LOG (apply-cmvn-sliding[5.5.603~1-4bbac]:main():apply-cmvn-sliding.cc:75) Applied sliding-window cepstral mean normalization to 1 utterances, 0 had errors.
select-voiced-frames ark:- scp,s,cs:decode/tts/data2/split1/1/vad.scp ark:- 
LOG (select-voiced-frames[5.5.603~1-4bbac]:main():select-voiced-frames.cc:106) Done selecting voiced frames; processed 1 utterances, 0 had errors.
LOG (nnet3-xvector-compute[5.5.603~1-4bbac]:main():nnet3-xvector-compute.cc:182) Chunk size of 10000 is greater than the number of rows in utterance: tts, using chunk size  of 213
LOG (nnet3-xvector-compute[5.5.603~1-4bbac]:main():nnet3-xvector-compute.cc:238) Time taken 0.641393s: real-time factor assuming 100 frames/sec is 0.301123
LOG (nnet3-xvector-compute[5.5.603~1-4bbac]:main():nnet3-xvector-compute.cc:241) Done 1 utterances, failed for 0
LOG (nnet3-xvector-compute[5.5.603~1-4bbac]:~CachingOptimizingCompiler():nnet-optimize.cc:710) 0.508 seconds taken in nnet3 compilation total (breakdown: 0.504 compilation, 0.00103 optimization, 0 shortcut expansion, 0.000237 checking, 1.19e-06 computing indexes, 0.00276 misc.) + 0 I/O.
# Accounting: time=0 threads=1
# Ended (code 0) at Wed Apr 29 12:32:06 CST 2020, elapsed time 0 seconds
